<solver>
    <!-- ========================= -->
    <!-- TO DEFINE MODEL -->
    <!-- ========================= -->
    <solutionClass>io.github.aparnachaudhary.capacityplanner.domain.CloudBalance</solutionClass>
    <entityClass>io.github.aparnachaudhary.capacityplanner.domain.CloudProcess</entityClass>

    <!-- Define the score function -->
    <scoreDirectorFactory>

        <!-- ========================= -->
        <!-- TO USE DROOLS RULES ENGINE -->
        <!-- ========================= -->
        <scoreDrl>solution/capacity-planner-hardmediumsoft-score.drl</scoreDrl>

        <!-- ========================= -->
        <!-- TO PURPOSE? -->
        <!-- ========================= -->
        <initializingScoreTrend>ONLY_DOWN</initializingScoreTrend>
    </scoreDirectorFactory>

    <!-- Configure the optimization algorithms (optional) -->
    <termination>
        <!--
        <bestScoreLimit>0hard/-50000soft</bestScoreLimit>
        -->
        <secondsSpentLimit>30</secondsSpentLimit>
    </termination>

    <constructionHeuristic>
        <constructionHeuristicType>FIRST_FIT_DECREASING</constructionHeuristicType>
    </constructionHeuristic>

    <localSearch>
        <changeMoveSelector>
            <selectionOrder>ORIGINAL</selectionOrder>
        </changeMoveSelector>
    </localSearch>
</solver>